<?xml version="1.0" encoding="UTF-8"?>
<testsuite xmlns:xsi="http://www.w3.org/2001/XMLSchema-instance" xsi:noNamespaceSchemaLocation="https://maven.apache.org/surefire/maven-surefire-plugin/xsd/surefire-test-report.xsd" version="3.0.2" name="com.helpdesk.demo_backend_helpdesk.DemoBackendHelpdeskApplicationTests" time="1.038" tests="1" errors="0" skipped="0" failures="0">
  <properties>
[...]
</properties>
  <testcase name="contextLoads" classname="com.helpdesk.demo_backend_helpdesk.DemoBackendHelpdeskApplicationTests" time="0.367">
    <system-out><![CDATA[19:01:58.346 [main] INFO org.springframework.test.context.support.AnnotationConfigContextLoaderUtils -- Could not detect default configuration classes for test class [com.helpdesk.demo_backend_helpdesk.DemoBackendHelpdeskApplicationTests]: DemoBackendHelpdeskApplicationTests does not declare any static, non-private, non-final, nested classes annotated with @Configuration.
19:01:58.388 [main] INFO org.springframework.boot.test.context.SpringBootTestContextBootstrapper -- Found @SpringBootConfiguration com.helpdesk.demo_backend_helpdesk.DemoBackendHelpdeskApplication for test class com.helpdesk.demo_backend_helpdesk.DemoBackendHelpdeskApplicationTests

  .   ____          _            __ _ _
 /\\ / ___'_ __ _ _(_)_ __  __ _ \ \ \ \
( ( )\___ | '_ | '_| | '_ \/ _` | \ \ \ \
 \\/  ___)| |_)| | | | | || (_| |  ) ) ) )
  '  |____| .__|_| |_|_| |_\__, | / / / /
 =========|_|==============|___/=/_/_/_/

 :: Spring Boot ::                (v3.4.1)

2024-12-30T19:01:58.539-03:00  INFO 72813 --- [           main] .h.d.DemoBackendHelpdeskApplicationTests : Starting DemoBackendHelpdeskApplicationTests using Java 23.0.1 with PID 72813 (started by isrdsilva in /Users/isrdsilva/Downloads/demo-backend-helpdesk)
2024-12-30T19:01:58.540-03:00  INFO 72813 --- [           main] .h.d.DemoBackendHelpdeskApplicationTests : No active profile set, falling back to 1 default profile: "default"
2024-12-30T19:01:58.894-03:00  INFO 72813 --- [           main] o.s.a.r.c.CachingConnectionFactory       : Attempting to connect to: [localhost:5672]
2024-12-30T19:01:58.922-03:00  INFO 72813 --- [           main] o.s.a.r.c.CachingConnectionFactory       : Created new connection: rabbitConnectionFactory#11c3ff67:0/SimpleConnection@7dcb42a9 [delegate=amqp://guest@127.0.0.1:5672/, localPort=64862]
2024-12-30T19:01:58.950-03:00  INFO 72813 --- [           main] .h.d.DemoBackendHelpdeskApplicationTests : Started DemoBackendHelpdeskApplicationTests in 0.517 seconds (process running for 0.856)
]]></system-out>
    <system-err><![CDATA[Mockito is currently self-attaching to enable the inline-mock-maker. This will no longer work in future releases of the JDK. Please add Mockito as an agent to your build what is described in Mockito's documentation: https://javadoc.io/doc/org.mockito/mockito-core/latest/org/mockito/Mockito.html#0.3
WARNING: A Java agent has been loaded dynamically (/Users/isrdsilva/.m2/repository/net/bytebuddy/byte-buddy-agent/1.15.11/byte-buddy-agent-1.15.11.jar)
WARNING: If a serviceability tool is in use, please run with -XX:+EnableDynamicAgentLoading to hide this warning
WARNING: If a serviceability tool is not in use, please run with -Djdk.instrument.traceUsage for more information
WARNING: Dynamic loading of agents will be disallowed by default in a future release
]]></system-err>
  </testcase>
</testsuite>